build/app/outputs/mapping/release/seeds.txt
com.todo.MainActivity
com.todo.MainActivity: MainActivity()
...
androidx.core.view.DisplayCutoutCompat$Api28Impl: int getSafeInsetBottom(android.view.DisplayCutout)
io.flutter.embedding.engine.FlutterJNI: void dispatchPointerDataPacket(java.nio.ByteBuffer,int)
org.chromium.support_lib_boundary.WebSettingsBoundaryInterface: void setAlgorithmicDarkeningAllowed(boolean)
androidx.window.layout.ExtensionInterfaceCompat: void onWindowLayoutChangeListenerAdded(android.app.Activity)
io.flutter.embedding.engine.renderer.SurfaceTextureWrapper: void release()
android.support.v4.app.RemoteActionCompatParcelizer: RemoteActionCompatParcelizer()
androidx.core.graphics.drawable.IconCompatParcelizer: androidx.core.graphics.drawable.IconCompat read(androidx.versionedparcelable.VersionedParcel)
androidx.window.embedding.SplitPairRule: java.util.Set getFilters()
androidx.window.layout.WindowMetricsCalculator$-CC: void overrideDecorator(androidx.window.layout.WindowMetricsCalculatorDecorator)
org.chromium.support_lib_boundary.WebSettingsBoundaryInterface: void setDisabledActionModeMenuItems(int)
androidx.core.view.WindowInsetsCompat$BuilderImpl29: void setSystemGestureInsets(androidx.core.graphics.Insets)
androidx.window.layout.SidecarCompat: androidx.window.layout.SidecarAdapter access$getSidecarAdapter$p(androidx.window.layout.SidecarCompat)
androidx.window.embedding.SplitRuleParser: androidx.window.embedding.ActivityFilter parseActivityFilter(android.content.Context,android.content.res.XmlResourceParser)
androidx.window.embedding.SplitPairRule: androidx.window.embedding.SplitPairRule plus$window_release(androidx.window.embedding.SplitPairFilter)
androidx.window.embedding.ExtensionEmbeddingBackend$Companion: ExtensionEmbeddingBackend$Companion(kotlin.jvm.internal.DefaultConstructorMarker)
kotlin.jvm.internal.FunctionReference: int hashCode()
org.chromium.support_lib_boundary.WebkitToCompatConverterBoundaryInterface: java.lang.Object convertWebResourceError(java.lang.reflect.InvocationHandler)
androidx.core.view.WindowInsetsCompat$Impl29: WindowInsetsCompat$Impl29(androidx.core.view.WindowInsetsCompat,androidx.core.view.WindowInsetsCompat$Impl29)
androidx.core.view.WindowInsetsCompat$Impl20: boolean isTypeVisible(int)
androidx.window.layout.SidecarWindowBackend$WindowLayoutChangeCallbackWrapper: void setLastInfo(androidx.window.layout.WindowLayoutInfo)
androidx.window.layout.FoldingFeature$State$Companion: FoldingFeature$State$Companion()
org.chromium.support_lib_boundary.WebViewProviderFactoryBoundaryInterface: void setSupportLibraryVersion(java.lang.String)
kotlin.random.Random: Random()
androidx.window.layout.SidecarCompat$FirstAttachAdapter: void onViewAttachedToWindow(android.view.View)
androidx.core.view.ViewCompat$Api19Impl: boolean isLaidOut(android.view.View)
org.chromium.support_lib_boundary.WebSettingsBoundaryInterface: boolean getSafeBrowsingEnabled()
androidx.core.view.ViewCompat$Api28Impl: void addOnUnhandledKeyEventListener(android.view.View,androidx.core.view.ViewCompat$OnUnhandledKeyEventListenerCompat)
androidx.webkit.internal.ApiHelperForOMR1: void showInterstitial(android.webkit.SafeBrowsingResponse,boolean)
io.flutter.embedding.engine.FlutterJNI: void setAccessibilityFeatures(int)
androidx.core.view.ViewCompat$Api21Impl$1: ViewCompat$Api21Impl$1(android.view.View,androidx.core.view.OnApplyWindowInsetsListener)
io.flutter.plugins.webviewflutter.GeneratedAndroidWebView$ConsoleMessage: GeneratedAndroidWebView$ConsoleMessage()
androidx.window.embedding.EmbeddingCompat: void setSplitRules(java.util.Set)
androidx.window.layout.WindowMetricsCalculator$Companion$decorator$1: androidx.window.layout.WindowMetricsCalculator invoke(androidx.window.layout.WindowMetricsCalculator)
androidx.window.embedding.SplitRule: boolean checkParentMetrics(android.view.WindowMetrics)