build/app/outputs/mapping/release/mapping.txt
# compiler: R8
# compiler_version: 3.3.70
# min_api: 19
# common_typos_disable
# {"id":"com.android.tools.r8.mapping","version":"2.0"}
# pg_map_id: 47cff7a
# pg_map_hash: SHA-256 47cff7a124c9ee9e0c2a69cb4e08fd92464d1cd50d9c7a4cc4ca262c4f170a97
...
io.flutter.embedding.engine.renderer.FlutterRenderer$SurfaceTextureRegistryEntry$$ExternalSyntheticApiModelOutline0 -> w.b:
# {"id":"sourceFile","fileName":"R8$$SyntheticClass"}
# {"id":"com.android.tools.r8.synthesized"}
    void io.flutter.embedding.engine.renderer.FlutterRenderer$SurfaceTextureRegistryEntry$$InternalSyntheticApiModelOutline$3$94cf53601e2b3dba48150a38a02c2ffb6f6f636971bfaf5ca2f1473c12308333$0.m(android.graphics.SurfaceTexture,android.graphics.SurfaceTexture$OnFrameAvailableListener,android.os.Handler) -> a
      # {"id":"com.android.tools.r8.synthesized"}
io.flutter.embedding.engine.renderer.FlutterRenderer$SurfaceTextureRegistryEntry$1 -> w.a$f$a:
    io.flutter.embedding.engine.renderer.FlutterRenderer$SurfaceTextureRegistryEntry this$1 -> d
io.flutter.embedding.engine.renderer.FlutterRenderer$SurfaceTextureRegistryEntry$2 -> w.a$f$b:
    io.flutter.embedding.engine.renderer.FlutterRenderer$SurfaceTextureRegistryEntry this$1 -> a
io.flutter.embedding.engine.renderer.FlutterRenderer$ViewportMetrics -> w.a$g:
    int systemGestureInsetBottom -> n
    int systemGestureInsetLeft -> o
    java.util.List displayFeatures -> q
    int systemGestureInsetTop -> l
    int systemGestureInsetRight -> m
    int viewInsetBottom -> j
    int viewInsetLeft -> k
    int viewInsetTop -> h
    int viewInsetRight -> i
    int viewPaddingBottom -> f
    int viewPaddingLeft -> g
    int viewPaddingTop -> d
    float devicePixelRatio -> a
    int viewPaddingRight -> e
    int width -> b
    int height -> c
    int physicalTouchSlop -> p
    boolean validate() -> a
io.flutter.embedding.engine.renderer.FlutterUiDisplayListener -> w.c:
    void onFlutterUiNoLongerDisplayed() -> b
    void onFlutterUiDisplayed() -> e
io.flutter.embedding.engine.renderer.RenderSurface -> w.d:
    void detachFromRenderer() -> a
    void pause() -> b
    void attachToRenderer(io.flutter.embedding.engine.renderer.FlutterRenderer) -> c
io.flutter.embedding.engine.systemchannels.AccessibilityChannel -> x.a:
    io.flutter.embedding.engine.FlutterJNI flutterJNI -> b
    io.flutter.embedding.engine.systemchannels.AccessibilityChannel$AccessibilityMessageHandler handler -> c
    io.flutter.plugin.common.BasicMessageChannel$MessageHandler parsingMessageHandler -> d
    io.flutter.plugin.common.BasicMessageChannel channel -> a
    io.flutter.embedding.engine.systemchannels.AccessibilityChannel$AccessibilityMessageHandler access$000(io.flutter.embedding.engine.systemchannels.AccessibilityChannel) -> a
    void dispatchSemanticsAction(int,io.flutter.view.AccessibilityBridge$Action) -> b
    void dispatchSemanticsAction(int,io.flutter.view.AccessibilityBridge$Action,java.lang.Object) -> c
    void onAndroidAccessibilityDisabled() -> d
    void onAndroidAccessibilityEnabled() -> e
    void setAccessibilityFeatures(int) -> f
    void setAccessibilityMessageHandler(io.flutter.embedding.engine.systemchannels.AccessibilityChannel$AccessibilityMessageHandler) -> g
io.flutter.embedding.engine.systemchannels.AccessibilityChannel$1 -> x.a$a:
    io.flutter.embedding.engine.systemchannels.AccessibilityChannel this$0 -> a
    void onMessage(java.lang.Object,io.flutter.plugin.common.BasicMessageChannel$Reply) -> a
io.flutter.embedding.engine.systemchannels.AccessibilityChannel$AccessibilityMessageHandler -> x.a$b:
    void announce(java.lang.String) -> a
    void onTooltip(java.lang.String) -> d
    void onFocus(int) -> e
    void onLongPress(int) -> f
    void onTap(int) -> g