build/app/outputs/mapping/release/usage.txt
com.todo.BuildConfig
com.todo.R$attr
com.todo.R$color
com.todo.R$dimen
com.todo.R$drawable
com.todo.R$id
com.todo.R$integer
com.todo.R$layout
com.todo.R$mipmap
com.todo.R$string
com.todo.R$style
com.todo.R$styleable
com.todo.R$xml
com.todo.R
...
kotlinx.coroutines.flow.FlowKt__TransformKt$runningReduce$lambda-12$$inlined$collect$1$1
kotlinx.coroutines.flow.FlowKt__TransformKt$runningReduce$lambda-12$$inlined$collect$1
kotlinx.coroutines.flow.FlowKt__TransformKt$withIndex$$inlined$unsafeFlow$1
kotlinx.coroutines.flow.FlowKt__TransformKt$withIndex$lambda-7$$inlined$collect$1
kotlinx.coroutines.flow.FlowKt__TransformKt
kotlinx.coroutines.flow.FlowKt__ZipKt$combine$$inlined$combineUnsafe$FlowKt__ZipKt$1$2
kotlinx.coroutines.flow.FlowKt__ZipKt$combine$$inlined$combineUnsafe$FlowKt__ZipKt$1
kotlinx.coroutines.flow.FlowKt__ZipKt$combine$$inlined$combineUnsafe$FlowKt__ZipKt$2$2
kotlinx.coroutines.flow.FlowKt__ZipKt$combine$$inlined$combineUnsafe$FlowKt__ZipKt$2
kotlinx.coroutines.flow.FlowKt__ZipKt$combine$$inlined$combineUnsafe$FlowKt__ZipKt$3$2
kotlinx.coroutines.flow.FlowKt__ZipKt$combine$$inlined$combineUnsafe$FlowKt__ZipKt$3
kotlinx.coroutines.flow.FlowKt__ZipKt$combine$$inlined$unsafeFlow$1
kotlinx.coroutines.flow.FlowKt__ZipKt$combine$$inlined$unsafeFlow$2$1
kotlinx.coroutines.flow.FlowKt__ZipKt$combine$$inlined$unsafeFlow$2
kotlinx.coroutines.flow.FlowKt__ZipKt$combine$$inlined$unsafeFlow$3$1
kotlinx.coroutines.flow.FlowKt__ZipKt$combine$$inlined$unsafeFlow$3
kotlinx.coroutines.flow.FlowKt__ZipKt$combine$1$1
kotlinx.coroutines.flow.FlowKt__ZipKt$combine$5$1
kotlinx.coroutines.flow.FlowKt__ZipKt$combine$5$2
kotlinx.coroutines.flow.FlowKt__ZipKt$combine$6$1
kotlinx.coroutines.flow.FlowKt__ZipKt$combine$6$2
kotlinx.coroutines.flow.FlowKt__ZipKt$combineTransform$$inlined$combineTransformUnsafe$FlowKt__ZipKt$1$1
kotlinx.coroutines.flow.FlowKt__ZipKt$combineTransform$$inlined$combineTransformUnsafe$FlowKt__ZipKt$1
kotlinx.coroutines.flow.FlowKt__ZipKt$combineTransform$$inlined$combineTransformUnsafe$FlowKt__ZipKt$2$1
kotlinx.coroutines.flow.FlowKt__ZipKt$combineTransform$$inlined$combineTransformUnsafe$FlowKt__ZipKt$2
kotlinx.coroutines.flow.FlowKt__ZipKt$combineTransform$$inlined$combineTransformUnsafe$FlowKt__ZipKt$3$1
kotlinx.coroutines.flow.FlowKt__ZipKt$combineTransform$$inlined$combineTransformUnsafe$FlowKt__ZipKt$3
kotlinx.coroutines.flow.FlowKt__ZipKt$combineTransform$$inlined$combineTransformUnsafe$FlowKt__ZipKt$4$1
kotlinx.coroutines.flow.FlowKt__ZipKt$combineTransform$$inlined$combineTransformUnsafe$FlowKt__ZipKt$4
kotlinx.coroutines.flow.FlowKt__ZipKt$combineTransform$$inlined$combineTransformUnsafe$FlowKt__ZipKt$5$1
kotlinx.coroutines.flow.FlowKt__ZipKt$combineTransform$$inlined$combineTransformUnsafe$FlowKt__ZipKt$5
kotlinx.coroutines.flow.FlowKt__ZipKt$combineTransform$6$1
kotlinx.coroutines.flow.FlowKt__ZipKt$combineTransform$6$2
kotlinx.coroutines.flow.FlowKt__ZipKt$combineTransform$6
kotlinx.coroutines.flow.FlowKt__ZipKt$combineTransform$7$1
kotlinx.coroutines.flow.FlowKt__ZipKt$combineTransform$7$2
kotlinx.coroutines.flow.FlowKt__ZipKt$combineTransform$7
kotlinx.coroutines.flow.FlowKt__ZipKt$combineTransformUnsafe$1$1
kotlinx.coroutines.flow.FlowKt__ZipKt$combineTransformUnsafe$1
kotlinx.coroutines.flow.FlowKt__ZipKt$combineUnsafe$$inlined$unsafeFlow$1$1
kotlinx.coroutines.flow.FlowKt__ZipKt$combineUnsafe$$inlined$unsafeFlow$1
kotlinx.coroutines.flow.FlowKt__ZipKt$combineUnsafe$1$1
kotlinx.coroutines.flow.FlowKt__ZipKt$nullArrayFactory$1
kotlinx.coroutines.flow.FlowKt__ZipKt
kotlinx.coroutines.flow.LintKt$retry$1
kotlinx.coroutines.flow.LintKt
kotlinx.coroutines.flow.MutableSharedFlow
kotlinx.coroutines.flow.MutableStateFlow
kotlinx.coroutines.flow.ReadonlySharedFlow
kotlinx.coroutines.flow.ReadonlyStateFlow
kotlinx.coroutines.flow.SharedFlow
kotlinx.coroutines.flow.SharedFlowImpl$Emitter
kotlinx.coroutines.flow.SharedFlowImpl$WhenMappings
kotlinx.coroutines.flow.SharedFlowImpl$collect$1
kotlinx.coroutines.flow.SharedFlowImpl
kotlinx.coroutines.flow.SharedFlowKt
kotlinx.coroutines.flow.SharedFlowSlot
kotlinx.coroutines.flow.SharingCommand
kotlinx.coroutines.flow.SharingConfig
kotlinx.coroutines.flow.SharingStarted$Companion